<?xml version="1.0" encoding="UTF-8"?>
<!-- Generated by org.testng.reporters.JUnitReportReporter -->
<testsuite hostname="KIRAN-PC" name="testcases.gmaillogout" tests="1" failures="0" timestamp="22 Nov 2016 22:23:26 GMT" time="37.957" errors="0">
  <testcase name="setUpp" time="37.957" classname="testcases.gmaillogout"/>
</testsuite> <!-- testcases.gmaillogout -->
