<?xml version="1.0" encoding="UTF-8"?>
<!-- Generated by org.testng.reporters.JUnitReportReporter -->
<testsuite hostname="KIRAN-PC" name="testcases.gmaillogin" tests="1" failures="0" timestamp="22 Nov 2016 22:23:26 GMT" time="13.283" errors="0">
  <testcase name="setUp" time="13.283" classname="testcases.gmaillogin"/>
</testsuite> <!-- testcases.gmaillogin -->
